<?xml version="1.0" encoding="UTF-8"?>
<testng-results skipped="0" failed="0" ignored="0" total="1" passed="1">
  <reporter-output>
  </reporter-output>
  <suite name="Default suite" duration-ms="8761" started-at="2019-02-25T14:38:26Z" finished-at="2019-02-25T14:38:34Z">
    <groups>
    </groups>
    <test name="Default test" duration-ms="8761" started-at="2019-02-25T14:38:26Z" finished-at="2019-02-25T14:38:34Z">
      <class name="test.CheckBoxTest2">
        <test-method status="PASS" signature="setup()[pri:0, instance:test.CheckBoxTest2@7dc7cbad]" name="setup" is-config="true" duration-ms="5780" started-at="2019-02-25T14:38:26Z" finished-at="2019-02-25T14:38:31Z">
          <reporter-output>
          </reporter-output>
        </test-method> <!-- setup -->
        <test-method status="PASS" signature="randomCheck()[pri:0, instance:test.CheckBoxTest2@7dc7cbad]" name="randomCheck" duration-ms="2341" started-at="2019-02-25T14:38:31Z" finished-at="2019-02-25T14:38:34Z">
          <reporter-output>
          </reporter-output>
        </test-method> <!-- randomCheck -->
        <test-method status="PASS" signature="tearDown()[pri:0, instance:test.CheckBoxTest2@7dc7cbad]" name="tearDown" is-config="true" duration-ms="627" started-at="2019-02-25T14:38:34Z" finished-at="2019-02-25T14:38:34Z">
          <reporter-output>
          </reporter-output>
        </test-method> <!-- tearDown -->
      </class> <!-- test.CheckBoxTest2 -->
    </test> <!-- Default test -->
  </suite> <!-- Default suite -->
</testng-results>
